{
  "stats": {
    "suites": 2,
    "tests": 6,
    "passes": 6,
    "pending": 0,
    "failures": 0,
    "start": "2025-04-15T03:30:20.961Z",
    "end": "2025-04-15T03:30:20.980Z",
    "duration": 19,
    "testsRegistered": 6,
    "passPercent": 100,
    "pendingPercent": 0,
    "other": 0,
    "hasOther": false,
    "skipped": 0,
    "hasSkipped": false
  },
  "results": [
    {
      "uuid": "40a20335-177f-4cf7-9b3f-d12e84c58e75",
      "title": "",
      "fullFile": "",
      "file": "",
      "beforeHooks": [],
      "afterHooks": [],
      "tests": [],
      "suites": [
        {
          "uuid": "b6aef407-dad8-43de-b6f4-dc8be1817fc2",
          "title": "User Controller",
          "fullFile": "C:\\Users\\likit\\Downloads\\SIT725\\Task 6.2D\\test\\userController.test.js",
          "file": "\\test\\userController.test.js",
          "beforeHooks": [],
          "afterHooks": [],
          "tests": [
            {
              "title": "should have register function",
              "fullTitle": "User Controller should have register function",
              "timedOut": false,
              "duration": 1,
              "state": "passed",
              "speed": "fast",
              "pass": true,
              "fail": false,
              "pending": false,
              "context": null,
              "code": "expect(userController.register).to.be.a('function');",
              "err": {},
              "uuid": "84b37172-21d4-4320-970d-c98a7009aee8",
              "parentUUID": "b6aef407-dad8-43de-b6f4-dc8be1817fc2",
              "isHook": false,
              "skipped": false
            },
            {
              "title": "should have getUsers function",
              "fullTitle": "User Controller should have getUsers function",
              "timedOut": false,
              "duration": 0,
              "state": "passed",
              "speed": "fast",
              "pass": true,
              "fail": false,
              "pending": false,
              "context": null,
              "code": "expect(userController.getUsers).to.be.a('function');",
              "err": {},
              "uuid": "0e0ba71c-35d6-4a5d-966e-83a2d219b797",
              "parentUUID": "b6aef407-dad8-43de-b6f4-dc8be1817fc2",
              "isHook": false,
              "skipped": false
            },
            {
              "title": "should have deleteUser function",
              "fullTitle": "User Controller should have deleteUser function",
              "timedOut": false,
              "duration": 0,
              "state": "passed",
              "speed": "fast",
              "pass": true,
              "fail": false,
              "pending": false,
              "context": null,
              "code": "expect(userController.deleteUser).to.be.a('function');",
              "err": {},
              "uuid": "11a4535b-5fae-4f3c-a7f0-64fefd113452",
              "parentUUID": "b6aef407-dad8-43de-b6f4-dc8be1817fc2",
              "isHook": false,
              "skipped": false
            }
          ],
          "suites": [],
          "passes": [
            "84b37172-21d4-4320-970d-c98a7009aee8",
            "0e0ba71c-35d6-4a5d-966e-83a2d219b797",
            "11a4535b-5fae-4f3c-a7f0-64fefd113452"
          ],
          "failures": [],
          "pending": [],
          "skipped": [],
          "duration": 1,
          "root": false,
          "rootEmpty": false,
          "_timeout": 2000
        },
        {
          "uuid": "01f382dd-e702-4675-951c-9ccc25ed5d53",
          "title": "User Model",
          "fullFile": "C:\\Users\\likit\\Downloads\\SIT725\\Task 6.2D\\test\\userModel.test.js",
          "file": "\\test\\userModel.test.js",
          "beforeHooks": [],
          "afterHooks": [],
          "tests": [
            {
              "title": "should be valid with username and password",
              "fullTitle": "User Model should be valid with username and password",
              "timedOut": false,
              "duration": 6,
              "state": "passed",
              "speed": "fast",
              "pass": true,
              "fail": false,
              "pending": false,
              "context": null,
              "code": "const user = new User({\n    username: 'testuser',\n    password: 'password123'\n});\nconst validationError = user.validateSync();\nexpect(validationError).to.be.undefined;",
              "err": {},
              "uuid": "20a3b5a9-ceca-4a53-a8fa-e8cb70a472c9",
              "parentUUID": "01f382dd-e702-4675-951c-9ccc25ed5d53",
              "isHook": false,
              "skipped": false
            },
            {
              "title": "should require username",
              "fullTitle": "User Model should require username",
              "timedOut": false,
              "duration": 1,
              "state": "passed",
              "speed": "fast",
              "pass": true,
              "fail": false,
              "pending": false,
              "context": null,
              "code": "const user = new User({ password: 'password123' });\nconst validationError = user.validateSync();\nexpect(validationError.errors.username).to.exist;",
              "err": {},
              "uuid": "c78b4fa4-f84d-4be3-8c1e-89e234c685cc",
              "parentUUID": "01f382dd-e702-4675-951c-9ccc25ed5d53",
              "isHook": false,
              "skipped": false
            },
            {
              "title": "should require password",
              "fullTitle": "User Model should require password",
              "timedOut": false,
              "duration": 2,
              "state": "passed",
              "speed": "fast",
              "pass": true,
              "fail": false,
              "pending": false,
              "context": null,
              "code": "const user = new User({ username: 'testuser' });\nconst validationError = user.validateSync();\nexpect(validationError.errors.password).to.exist;",
              "err": {},
              "uuid": "355563e5-bcc1-4942-95d9-f07c8418fc8a",
              "parentUUID": "01f382dd-e702-4675-951c-9ccc25ed5d53",
              "isHook": false,
              "skipped": false
            }
          ],
          "suites": [],
          "passes": [
            "20a3b5a9-ceca-4a53-a8fa-e8cb70a472c9",
            "c78b4fa4-f84d-4be3-8c1e-89e234c685cc",
            "355563e5-bcc1-4942-95d9-f07c8418fc8a"
          ],
          "failures": [],
          "pending": [],
          "skipped": [],
          "duration": 9,
          "root": false,
          "rootEmpty": false,
          "_timeout": 2000
        }
      ],
      "passes": [],
      "failures": [],
      "pending": [],
      "skipped": [],
      "duration": 0,
      "root": true,
      "rootEmpty": true,
      "_timeout": 2000
    }
  ],
  "meta": {
    "mocha": {
      "version": "11.1.0"
    },
    "mochawesome": {
      "options": {
        "quiet": false,
        "reportFilename": "mochawesome",
        "saveHtml": true,
        "saveJson": true,
        "consoleReporter": "spec",
        "useInlineDiffs": false,
        "code": true
      },
      "version": "7.1.3"
    },
    "marge": {
      "options": null,
      "version": "6.2.0"
    }
  }
}